<?xml version="1.0" encoding="UTF-8"?>
<!-- Generated by org.testng.reporters.JUnitReportReporter -->
<testsuite hostname="DESKTOP-EEDG5ET" failures="0" tests="1" name="com.supermarket.UI.ChaoJDialogTest" time="4.366" errors="0" timestamp="2024-07-18T11:26:08 ICT" skipped="0">
  <testcase classname="com.supermarket.UI.ChaoJDialogTest" name="testChaoJDialogLoading" time="4.366"/>
</testsuite> <!-- com.supermarket.UI.ChaoJDialogTest -->
